=========== Arch Install ===========
=========== Arch Install ===========
work_dir: /tmp/wiltech-inst-2018-04-29
tool_dir: /data/dev/arch/ws-install/tools
mount_dir: /tmp/wiltech-inst-2018-04-29/mnt
log_dir: /data/dev/arch/ws-install/tools/logs
log_file: 2018-04-29-24c25c6.log
pacman_conf: /data/dev/arch/ws-install/tools/../pacman.conf
cleanup: y
debug: y
verbose: y
express: luks-lvm
boot: grub-efi
special_data_dir: y
create_pool: n
hostname: WilTech-WS-21916
domain: inter.wiltech.org
admin: doc
sshd_pubkey: /home/doc/.ssh/id_rsa.pub
block_root_ssh: y
copy_nm_connection: y
build_script: /root/build_custom.sh
efs_script: luks-lvm
eboot_script: grub-efi
=========== DEBUG INFO ===========
Version: dev-2018-04-29-24c25c6
Date: Sun Apr 29 09:17:54 EDT 2018
CONFIG:
work_dir: /tmp/wiltech-inst-2018-04-29
tool_dir: /data/dev/arch/ws-install/tools
mount_dir: /tmp/wiltech-inst-2018-04-29/mnt
log_dir: /data/dev/arch/ws-install/tools/logs
log_file: /data/dev/arch/ws-install/tools/logs/2018-04-29-24c25c6.log
pacman_conf: /data/dev/arch/ws-install/tools/../pacman.conf
cleanup: y
debug: y
verbose: y
efs_script: luks-lvm
eboot_script: grub-efi
special_data_dir: y
create_pool: n
hostname: WilTech-WS-5157
domain: inter.wiltech.org
admin: doc
sshd_pubkey: /home/doc/.ssh/id_rsa.pub
block_root_ssh: y
copy_nm_connection: y
build_script: /root/build_custom.sh
==================================
Initialized.
=========== DEBUG INFO ===========
Version: dev-2018-04-29-24c25c6
Date: Sun Apr 29 09:20:57 EDT 2018
CONFIG:
work_dir: /tmp/wiltech-inst-2018-04-29
tool_dir: /data/dev/arch/ws-install/tools
mount_dir: /tmp/wiltech-inst-2018-04-29/mnt
log_dir: /data/dev/arch/ws-install/tools/logs
log_file: /data/dev/arch/ws-install/tools/logs/2018-04-29-24c25c6.log
pacman_conf: /data/dev/arch/ws-install/tools/../pacman.conf
cleanup: y
debug: y
verbose: y
efs_script: luks-lvm
eboot_script: grub-efi
special_data_dir: y
create_pool: n
hostname: WilTech-WS-13472
domain: inter.wiltech.org
admin: doc
sshd_pubkey: /home/doc/.ssh/id_rsa.pub
block_root_ssh: y
copy_nm_connection: y
build_script: /root/build_custom.sh
==================================
Initialized.
=========== DEBUG INFO ===========
Version: dev-2018-04-29-24c25c6
Date: Sun Apr 29 09:30:17 EDT 2018
CONFIG:
work_dir: /tmp/wiltech-inst-2018-04-29
tool_dir: /data/dev/arch/ws-install/tools
mount_dir: /tmp/wiltech-inst-2018-04-29/mnt
log_dir: /data/dev/arch/ws-install/tools/logs
log_file: /data/dev/arch/ws-install/tools/logs/2018-04-29-24c25c6.log
pacman_conf: /data/dev/arch/ws-install/tools/../pacman.conf
cleanup: y
debug: y
verbose: y
efs_script: luks-lvm
eboot_script: grub-efi
special_data_dir: y
create_pool: n
hostname: WilTech-WS-6604
domain: inter.wiltech.org
admin: doc
sshd_pubkey: /home/doc/.ssh/id_rsa.pub
block_root_ssh: y
copy_nm_connection: y
build_script: /root/build_custom.sh
==================================
Initialized.
=========== DEBUG INFO ===========
Version: dev-2018-04-29-24c25c6
Date: Sun Apr 29 09:31:28 EDT 2018
CONFIG:
work_dir: /tmp/wiltech-inst-2018-04-29
tool_dir: /data/dev/arch/ws-install/tools
mount_dir: /tmp/wiltech-inst-2018-04-29/mnt
log_dir: /data/dev/arch/ws-install/tools/logs
log_file: /data/dev/arch/ws-install/tools/logs/2018-04-29-24c25c6.log
pacman_conf: /data/dev/arch/ws-install/tools/../pacman.conf
cleanup: y
debug: y
verbose: y
efs_script: luks-lvm
eboot_script: grub-efi
special_data_dir: y
create_pool: n
hostname: WilTech-WS-9991
domain: inter.wiltech.org
admin: doc
sshd_pubkey: /home/doc/.ssh/id_rsa.pub
block_root_ssh: y
copy_nm_connection: y
build_script: /root/build_custom.sh
==================================
Initialized.
=========== DEBUG INFO ===========
Version: dev-2018-04-29-24c25c6
Date: Sun Apr 29 09:32:35 EDT 2018
CONFIG:
work_dir: /tmp/wiltech-inst-2018-04-29
tool_dir: /data/dev/arch/ws-install/tools
mount_dir: /tmp/wiltech-inst-2018-04-29/mnt
log_dir: /data/dev/arch/ws-install/tools/logs
log_file: /data/dev/arch/ws-install/tools/logs/2018-04-29-24c25c6.log
pacman_conf: /data/dev/arch/ws-install/tools/../pacman.conf
cleanup: y
debug: y
verbose: y
efs_script: luks-lvm
eboot_script: grub-efi
special_data_dir: y
create_pool: n
hostname: WilTech-WS-13057
domain: inter.wiltech.org
admin: doc
sshd_pubkey: /home/doc/.ssh/id_rsa.pub
block_root_ssh: y
copy_nm_connection: y
build_script: /root/build_custom.sh
==================================
Initialized.
=========== DEBUG INFO ===========
Version: dev-2018-04-29-24c25c6
Date: Sun Apr 29 09:34:21 EDT 2018
CONFIG:
work_dir: /tmp/wiltech-inst-2018-04-29
tool_dir: /data/dev/arch/ws-install/tools
mount_dir: /tmp/wiltech-inst-2018-04-29/mnt
log_dir: /data/dev/arch/ws-install/tools/logs
log_file: /data/dev/arch/ws-install/tools/logs/2018-04-29-24c25c6.log
pacman_conf: /data/dev/arch/ws-install/tools/../pacman.conf
cleanup: y
debug: y
verbose: y
efs_script: luks-lvm
eboot_script: grub-efi
special_data_dir: y
create_pool: n
hostname: WilTech-WS-17972
domain: inter.wiltech.org
admin: doc
sshd_pubkey: /home/doc/.ssh/id_rsa.pub
block_root_ssh: y
copy_nm_connection: y
build_script: /root/build_custom.sh
==================================
Initialized.
=========== DEBUG INFO ===========
Version: dev-2018-04-29-24c25c6
Date: Sun Apr 29 09:36:45 EDT 2018
CONFIG:
work_dir: /tmp/wiltech-inst-2018-04-29
tool_dir: /data/dev/arch/ws-install/tools
mount_dir: /tmp/wiltech-inst-2018-04-29/mnt
log_dir: /data/dev/arch/ws-install/tools/logs
log_file: /data/dev/arch/ws-install/tools/logs/2018-04-29-24c25c6.log
pacman_conf: /data/dev/arch/ws-install/tools/../pacman.conf
cleanup: y
debug: y
verbose: y
efs_script: luks-lvm
eboot_script: grub-efi
special_data_dir: y
create_pool: n
hostname: WilTech-WS-24612
domain: inter.wiltech.org
admin: doc
sshd_pubkey: /home/doc/.ssh/id_rsa.pub
block_root_ssh: y
copy_nm_connection: y
build_script: /root/build_custom.sh
==================================
Initialized.
=========== DEBUG INFO ===========
Version: dev-2018-04-29-24c25c6
Date: Sun Apr 29 09:38:21 EDT 2018
CONFIG:
work_dir: /tmp/wiltech-inst-2018-04-29
tool_dir: /data/dev/arch/ws-install/tools
mount_dir: /tmp/wiltech-inst-2018-04-29/mnt
log_dir: /data/dev/arch/ws-install/tools/logs
log_file: /data/dev/arch/ws-install/tools/logs/2018-04-29-24c25c6.log
pacman_conf: /data/dev/arch/ws-install/tools/../pacman.conf
cleanup: y
debug: y
verbose: y
efs_script: luks-lvm
eboot_script: grub-efi
special_data_dir: y
create_pool: n
hostname: WilTech-WS-29038
domain: inter.wiltech.org
admin: doc
sshd_pubkey: /home/doc/.ssh/id_rsa.pub
block_root_ssh: y
copy_nm_connection: y
build_script: /root/build_custom.sh
==================================
Initialized.
=========== DEBUG INFO ===========
Version: dev-2018-04-29-24c25c6
Date: Sun Apr 29 09:40:03 EDT 2018
CONFIG:
work_dir: /tmp/wiltech-inst-2018-04-29
tool_dir: /data/dev/arch/ws-install/tools
mount_dir: /tmp/wiltech-inst-2018-04-29/mnt
log_dir: /data/dev/arch/ws-install/tools/logs
log_file: /data/dev/arch/ws-install/tools/logs/2018-04-29-24c25c6.log
pacman_conf: /data/dev/arch/ws-install/tools/../pacman.conf
cleanup: y
debug: y
verbose: y
efs_script: luks-lvm
eboot_script: grub-efi
special_data_dir: y
create_pool: n
hostname: WilTech-WS-1403
domain: inter.wiltech.org
admin: doc
sshd_pubkey: /home/doc/.ssh/id_rsa.pub
block_root_ssh: y
copy_nm_connection: y
build_script: /root/build_custom.sh
==================================
Initialized.
=========== DEBUG INFO ===========
Version: dev-2018-04-29-24c25c6
Date: Sun Apr 29 09:55:29 EDT 2018
CONFIG:
work_dir: /tmp/wiltech-inst-2018-04-29
tool_dir: /data/dev/arch/ws-install/tools
mount_dir: /tmp/wiltech-inst-2018-04-29/mnt
log_dir: /data/dev/arch/ws-install/tools/logs
log_file: /data/dev/arch/ws-install/tools/logs/2018-04-29-24c25c6.log
pacman_conf: /data/dev/arch/ws-install/tools/../pacman.conf
cleanup: y
debug: y
verbose: y
efs_script: luks-lvm
eboot_script: grub-efi
special_data_dir: y
create_pool: n
hostname: WilTech-WS-10840
domain: inter.wiltech.org
admin: doc
sshd_pubkey: /home/doc/.ssh/id_rsa.pub
block_root_ssh: y
copy_nm_connection: y
build_script: /root/build_custom.sh
==================================
Initialized.
=========== DEBUG INFO ===========
Version: dev-2018-04-29-24c25c6
Date: Sun Apr 29 09:56:10 EDT 2018
CONFIG:
work_dir: /tmp/wiltech-inst-2018-04-29
tool_dir: /data/dev/arch/ws-install/tools
mount_dir: /tmp/wiltech-inst-2018-04-29/mnt
log_dir: /data/dev/arch/ws-install/tools/logs
log_file: /data/dev/arch/ws-install/tools/logs/2018-04-29-24c25c6.log
pacman_conf: /data/dev/arch/ws-install/tools/../pacman.conf
cleanup: y
debug: y
verbose: y
efs_script: luks-lvm
eboot_script: grub-efi
special_data_dir: y
create_pool: n
hostname: WilTech-WS-12850
domain: inter.wiltech.org
admin: doc
sshd_pubkey: /home/doc/.ssh/id_rsa.pub
block_root_ssh: y
copy_nm_connection: y
build_script: /root/build_custom.sh
==================================
Initialized.
=========== DEBUG INFO ===========
Version: dev-2018-04-29-24c25c6
Date: Sun Apr 29 09:56:40 EDT 2018
CONFIG:
work_dir: /tmp/wiltech-inst-2018-04-29
tool_dir: /data/dev/arch/ws-install/tools
mount_dir: /tmp/wiltech-inst-2018-04-29/mnt
log_dir: /data/dev/arch/ws-install/tools/logs
log_file: /data/dev/arch/ws-install/tools/logs/2018-04-29-24c25c6.log
pacman_conf: /data/dev/arch/ws-install/tools/../pacman.conf
cleanup: y
debug: y
verbose: y
efs_script: luks-lvm
eboot_script: grub-efi
special_data_dir: y
create_pool: n
hostname: WilTech-WS-14396
domain: inter.wiltech.org
admin: doc
sshd_pubkey: /home/doc/.ssh/id_rsa.pub
block_root_ssh: y
copy_nm_connection: y
build_script: /root/build_custom.sh
==================================
Initialized.
=========== DEBUG INFO ===========
Version: dev-2018-04-29-24c25c6
Date: Sun Apr 29 09:57:49 EDT 2018
CONFIG:
work_dir: /tmp/wiltech-inst-2018-04-29
tool_dir: /data/dev/arch/ws-install/tools
mount_dir: /tmp/wiltech-inst-2018-04-29/mnt
log_dir: /data/dev/arch/ws-install/tools/logs
log_file: /data/dev/arch/ws-install/tools/logs/2018-04-29-24c25c6.log
pacman_conf: /data/dev/arch/ws-install/tools/../pacman.conf
cleanup: y
debug: y
verbose: y
efs_script: luks-lvm
eboot_script: grub-efi
special_data_dir: y
create_pool: n
hostname: WilTech-WS-17595
domain: inter.wiltech.org
admin: doc
sshd_pubkey: /home/doc/.ssh/id_rsa.pub
block_root_ssh: y
copy_nm_connection: y
build_script: /root/build_custom.sh
==================================
Initialized.
=========== DEBUG INFO ===========
Version: dev-2018-04-29-24c25c6
Date: Sun Apr 29 09:57:59 EDT 2018
CONFIG:
work_dir: /tmp/wiltech-inst-2018-04-29
tool_dir: /data/dev/arch/ws-install/tools
mount_dir: /tmp/wiltech-inst-2018-04-29/mnt
log_dir: /data/dev/arch/ws-install/tools/logs
log_file: /data/dev/arch/ws-install/tools/logs/2018-04-29-24c25c6.log
pacman_conf: /data/dev/arch/ws-install/tools/../pacman.conf
cleanup: y
debug: y
verbose: y
efs_script: luks-lvm
eboot_script: grub-efi
special_data_dir: y
create_pool: n
hostname: WilTech-WS-18200
domain: inter.wiltech.org
admin: doc
sshd_pubkey: /home/doc/.ssh/id_rsa.pub
block_root_ssh: y
copy_nm_connection: y
build_script: /root/build_custom.sh
==================================
Initialized.
=========== DEBUG INFO ===========
Version: dev-2018-04-29-24c25c6
Date: Sun Apr 29 10:35:54 EDT 2018
CONFIG:
work_dir: /tmp/wiltech-inst-2018-04-29
tool_dir: /data/dev/arch/ws-install/tools
mount_dir: /tmp/wiltech-inst-2018-04-29/mnt
log_dir: /data/dev/arch/ws-install/tools/logs
log_file: /data/dev/arch/ws-install/tools/logs/2018-04-29-24c25c6.log
pacman_conf: /data/dev/arch/ws-install/tools/../pacman.conf
cleanup: y
debug: y
verbose: y
efs_script: luks-lvm
eboot_script: grub-efi
special_data_dir: y
create_pool: n
hostname: WilTech-WS-23617
domain: inter.wiltech.org
admin: doc
sshd_pubkey: /home/doc/.ssh/id_rsa.pub
block_root_ssh: y
copy_nm_connection: y
build_script: /root/build_custom.sh
==================================
Initialized.
=========== DEBUG INFO ===========
Version: dev-2018-04-29-24c25c6
Date: Sun Apr 29 10:36:20 EDT 2018
CONFIG:
work_dir: /tmp/wiltech-inst-2018-04-29
tool_dir: /data/dev/arch/ws-install/tools
mount_dir: /tmp/wiltech-inst-2018-04-29/mnt
log_dir: /data/dev/arch/ws-install/tools/logs
log_file: /data/dev/arch/ws-install/tools/logs/2018-04-29-24c25c6.log
pacman_conf: /data/dev/arch/ws-install/tools/../pacman.conf
cleanup: y
debug: y
verbose: y
efs_script: luks-lvm
eboot_script: grub-efi
special_data_dir: y
create_pool: n
hostname: WilTech-WS-24931
domain: inter.wiltech.org
admin: doc
sshd_pubkey: /home/doc/.ssh/id_rsa.pub
block_root_ssh: y
copy_nm_connection: y
build_script: /root/build_custom.sh
==================================
Initialized.
=========== DEBUG INFO ===========
Version: dev-2018-04-29-24c25c6
Date: Sun Apr 29 10:37:18 EDT 2018
CONFIG:
work_dir: /tmp/wiltech-inst-2018-04-29
tool_dir: /data/dev/arch/ws-install/tools
mount_dir: /tmp/wiltech-inst-2018-04-29/mnt
log_dir: /data/dev/arch/ws-install/tools/logs
log_file: /data/dev/arch/ws-install/tools/logs/2018-04-29-24c25c6.log
pacman_conf: /data/dev/arch/ws-install/tools/../pacman.conf
cleanup: y
debug: y
verbose: y
efs_script: luks-lvm
eboot_script: grub-efi
special_data_dir: y
create_pool: n
hostname: WilTech-WS-27735
domain: inter.wiltech.org
admin: doc
sshd_pubkey: /home/doc/.ssh/id_rsa.pub
block_root_ssh: y
copy_nm_connection: y
build_script: /root/build_custom.sh
==================================
Initialized.
ERROR => tools/build: Line "124": dialog --title "WARNING!" --yesno "_dialog_msg" 14 48
=========== DEBUG INFO ===========
Version: dev-2018-04-29-24c25c6
Date: Sun Apr 29 10:37:58 EDT 2018
CONFIG:
work_dir: /tmp/wiltech-inst-2018-04-29
tool_dir: /data/dev/arch/ws-install/tools
mount_dir: /tmp/wiltech-inst-2018-04-29/mnt
log_dir: /data/dev/arch/ws-install/tools/logs
log_file: /data/dev/arch/ws-install/tools/logs/2018-04-29-24c25c6.log
pacman_conf: /data/dev/arch/ws-install/tools/../pacman.conf
cleanup: y
debug: y
verbose: y
efs_script: luks-lvm
eboot_script: grub-efi
special_data_dir: y
create_pool: n
hostname: WilTech-WS-29702
domain: inter.wiltech.org
admin: doc
sshd_pubkey: /home/doc/.ssh/id_rsa.pub
block_root_ssh: y
copy_nm_connection: y
build_script: /root/build_custom.sh
==================================
Initialized.
=========== DEBUG INFO ===========
Version: dev-2018-04-29-24c25c6
Date: Sun Apr 29 11:22:50 EDT 2018
CONFIG:
work_dir: /tmp/tmp.XwQuvdUDhF
tool_dir: /data/dev/arch/ws-install/tools
build_dir: /tmp/tmp.sKKMa96h84/airootfs
mount_dir: /tmp/tmp.sKKMa96h84/mnt
log_dir: /data/dev/arch/ws-install/tools/logs
log_file: /data/dev/arch/ws-install/tools/logs/2018-04-29-24c25c6.log
pacman_conf: /data/dev/arch/ws-install/tools/../pacman.conf
cleanup: y
debug: y
verbose: y
efs_script: luks-lvm
eboot_script: grub-efi
special_data_dir: y
create_pool: n
hostname: WilTech-WS-21710
domain: inter.wiltech.org
admin: doc
sshd_pubkey: /home/doc/.ssh/id_rsa.pub
block_root_ssh: y
copy_nm_connection: y
build_custom: /root/build_custom.sh
==================================
Initialized.
Installing system to /tmp/tmp.sKKMa96h84/mnt...
RSYNC: /data/dev/arch/ws-install/tools/../airootfs/etc /data/dev/arch/ws-install/tools/../airootfs/root /data/dev/arch/ws-install/tools/../airootfs/usr /tmp/tmp.sKKMa96h84/mnt
=========== DEBUG INFO ===========
Version: dev-2018-04-29-24c25c6
Date: Sun Apr 29 11:26:24 EDT 2018
CONFIG:
work_dir: /tmp/tmp.BeduvLvUcj
tool_dir: /data/dev/arch/ws-install/tools
build_dir: /tmp/tmp.ektjC3ChKc/airootfs
mount_dir: /tmp/tmp.ektjC3ChKc/mnt
log_dir: /data/dev/arch/ws-install/tools/logs
log_file: /data/dev/arch/ws-install/tools/logs/2018-04-29-24c25c6.log
pacman_conf: /data/dev/arch/ws-install/tools/../pacman.conf
cleanup: y
debug: y
verbose: y
efs_script: luks-lvm
eboot_script: grub-efi
special_data_dir: y
create_pool: n
hostname: WilTech-WS-31617
domain: inter.wiltech.org
admin: doc
sshd_pubkey: /home/doc/.ssh/id_rsa.pub
block_root_ssh: y
copy_nm_connection: y
build_custom: /root/build_custom.sh
==================================
Initialized.
Installing system to /tmp/tmp.ektjC3ChKc/mnt...
PACMAN: Installing packages to /tmp/tmp.ektjC3ChKc/root
RSYNC: /data/dev/arch/ws-install/tools/../airootfs/etc /data/dev/arch/ws-install/tools/../airootfs/root /data/dev/arch/ws-install/tools/../airootfs/usr /tmp/tmp.ektjC3ChKc/mnt
=========== DEBUG INFO ===========
Version: dev-2018-04-29-24c25c6
Date: Sun Apr 29 11:28:51 EDT 2018
CONFIG:
work_dir: /tmp/tmp.ePJUxNjRA5
tool_dir: /data/dev/arch/ws-install/tools
build_dir: /tmp/tmp.smiWtd5BK6/airootfs
mount_dir: /tmp/tmp.smiWtd5BK6/mnt
log_dir: /data/dev/arch/ws-install/tools/logs
log_file: /data/dev/arch/ws-install/tools/logs/2018-04-29-24c25c6.log
pacman_conf: /data/dev/arch/ws-install/tools/../pacman.conf
cleanup: y
debug: y
verbose: y
efs_script: luks-lvm
eboot_script: grub-efi
special_data_dir: y
create_pool: n
hostname: WilTech-WS-6074
domain: inter.wiltech.org
admin: doc
sshd_pubkey: /home/doc/.ssh/id_rsa.pub
block_root_ssh: y
copy_nm_connection: y
build_custom: /root/build_custom.sh
==================================
Initialized.
Installing system to /tmp/tmp.smiWtd5BK6/mnt...
PACMAN: Installing packages to /tmp/tmp.smiWtd5BK6/root
RSYNC: /data/dev/arch/ws-install/tools/../airootfs/etc /data/dev/arch/ws-install/tools/../airootfs/root /data/dev/arch/ws-install/tools/../airootfs/usr /tmp/tmp.smiWtd5BK6/mnt
